/n/home06/drooryck/spectral-profling-gnns/spectral/datasets.py:31: UserWarning: The WikiCS dataset now returns an undirected graph by default. Please explicitly specify 'is_undirected=False' to restore the old behavior.
  wikics = WikiCS(root=os.path.join(data_dir, 'wikics'))
device: cuda
grid: 50 x 50 = 2500 configs
K values: [4, 10]
seeds: [0, 1, 2, 3, 4, 5, 6, 7, 8, 9]
max task batch: 1000
output directory: jacobi_ab_sweep_massive/Minesweeper/array_9597474_16/20260501-171259
progress log: jacobi_ab_sweep_massive/Minesweeper/array_9597474_16/20260501-171259/progress.log

=== [1/1] Minesweeper: 10000 nodes, 78804 edges ===
  K=4
    chunk 1/25: 1000 seed/config tasks, 16.8s, epochs_ran=455
    chunk 2/25: 1000 seed/config tasks, 15.7s, epochs_ran=442
    chunk 3/25: 1000 seed/config tasks, 16.3s, epochs_ran=460
    chunk 4/25: 1000 seed/config tasks, 13.8s, epochs_ran=390
    chunk 5/25: 1000 seed/config tasks, 13.0s, epochs_ran=367
    chunk 6/25: 1000 seed/config tasks, 13.8s, epochs_ran=389
    chunk 7/25: 1000 seed/config tasks, 13.6s, epochs_ran=383
    chunk 8/25: 1000 seed/config tasks, 15.7s, epochs_ran=442
    chunk 9/25: 1000 seed/config tasks, 13.3s, epochs_ran=374
    chunk 10/25: 1000 seed/config tasks, 12.1s, epochs_ran=340
    chunk 11/25: 1000 seed/config tasks, 13.1s, epochs_ran=368
    chunk 12/25: 1000 seed/config tasks, 11.5s, epochs_ran=325
    chunk 13/25: 1000 seed/config tasks, 15.5s, epochs_ran=436
    chunk 14/25: 1000 seed/config tasks, 17.7s, epochs_ran=500
    chunk 15/25: 1000 seed/config tasks, 17.1s, epochs_ran=482
    chunk 16/25: 1000 seed/config tasks, 17.7s, epochs_ran=500
    chunk 17/25: 1000 seed/config tasks, 17.7s, epochs_ran=500
    chunk 18/25: 1000 seed/config tasks, 17.7s, epochs_ran=500
    chunk 19/25: 1000 seed/config tasks, 17.7s, epochs_ran=500
    chunk 20/25: 1000 seed/config tasks, 17.8s, epochs_ran=500
    chunk 21/25: 1000 seed/config tasks, 17.7s, epochs_ran=500
    chunk 22/25: 1000 seed/config tasks, 17.8s, epochs_ran=500
    chunk 23/25: 1000 seed/config tasks, 17.7s, epochs_ran=500
    chunk 24/25: 1000 seed/config tasks, 17.7s, epochs_ran=500
    chunk 25/25: 1000 seed/config tasks, 17.7s, epochs_ran=500
  wrote 2500 summary rows to jacobi_ab_sweep_massive/Minesweeper/array_9597474_16/20260501-171259/summary.csv
  wrote 25000 detail rows to jacobi_ab_sweep_massive/Minesweeper/array_9597474_16/20260501-171259/summary_details.csv
  K=10
    chunk 1/25: 1000 seed/config tasks, 38.1s, epochs_ran=461
    chunk 2/25: 1000 seed/config tasks, 35.2s, epochs_ran=426
    chunk 3/25: 1000 seed/config tasks, 36.3s, epochs_ran=439
    chunk 4/25: 1000 seed/config tasks, 37.0s, epochs_ran=448
    chunk 5/25: 1000 seed/config tasks, 37.5s, epochs_ran=454
    chunk 6/25: 1000 seed/config tasks, 33.5s, epochs_ran=406
    chunk 7/25: 1000 seed/config tasks, 29.4s, epochs_ran=356
    chunk 8/25: 1000 seed/config tasks, 31.4s, epochs_ran=380
    chunk 9/25: 1000 seed/config tasks, 28.0s, epochs_ran=339
    chunk 10/25: 1000 seed/config tasks, 31.0s, epochs_ran=376
    chunk 11/25: 1000 seed/config tasks, 28.3s, epochs_ran=342
    chunk 12/25: 1000 seed/config tasks, 36.6s, epochs_ran=444
    chunk 13/25: 1000 seed/config tasks, 35.3s, epochs_ran=427
    chunk 14/25: 1000 seed/config tasks, 36.2s, epochs_ran=438
    chunk 15/25: 1000 seed/config tasks, 39.4s, epochs_ran=477
    chunk 16/25: 1000 seed/config tasks, 39.1s, epochs_ran=474
    chunk 17/25: 1000 seed/config tasks, 41.3s, epochs_ran=500
    chunk 18/25: 1000 seed/config tasks, 41.3s, epochs_ran=500
    chunk 19/25: 1000 seed/config tasks, 41.3s, epochs_ran=500
    chunk 20/25: 1000 seed/config tasks, 41.3s, epochs_ran=500
    chunk 21/25: 1000 seed/config tasks, 41.3s, epochs_ran=500
    chunk 22/25: 1000 seed/config tasks, 41.3s, epochs_ran=500
    chunk 23/25: 1000 seed/config tasks, 41.3s, epochs_ran=500
    chunk 24/25: 1000 seed/config tasks, 41.3s, epochs_ran=500
    chunk 25/25: 1000 seed/config tasks, 41.3s, epochs_ran=500
  wrote 5000 summary rows to jacobi_ab_sweep_massive/Minesweeper/array_9597474_16/20260501-171259/summary.csv
  wrote 50000 detail rows to jacobi_ab_sweep_massive/Minesweeper/array_9597474_16/20260501-171259/summary_details.csv
