job_id=9597971
array_job_id=9597474
array_task_id=6
dataset=Computers
host=holygpu8a29306.rc.fas.harvard.edu
out_dir=jacobi_ab_sweep_massive/Computers/array_9597474_6
Fri May  1 16:57:36 EDT 2026
NVIDIA A100-SXM4-80GB, 0, 81920 MiB
device: cuda
grid: 50 x 50 = 2500 configs
K values: [4, 10]
seeds: [0, 1, 2, 3, 4, 5, 6, 7, 8, 9]
max task batch: 1000
output directory: jacobi_ab_sweep_massive/Computers/array_9597474_6/20260501-165754
progress log: jacobi_ab_sweep_massive/Computers/array_9597474_6/20260501-165754/progress.log

=== [1/1] Computers: 13752 nodes, 491722 edges ===
  K=4
    chunk 1/25: 1000 seed/config tasks, 286.7s, epochs_ran=500
    chunk 2/25: 1000 seed/config tasks, 282.3s, epochs_ran=493
    chunk 3/25: 1000 seed/config tasks, 281.7s, epochs_ran=492
    chunk 4/25: 1000 seed/config tasks, 286.2s, epochs_ran=500
    chunk 5/25: 1000 seed/config tasks, 286.2s, epochs_ran=500
    chunk 6/25: 1000 seed/config tasks, 286.2s, epochs_ran=500
    chunk 7/25: 1000 seed/config tasks, 286.2s, epochs_ran=500
    chunk 8/25: 1000 seed/config tasks, 286.1s, epochs_ran=500
    chunk 9/25: 1000 seed/config tasks, 286.2s, epochs_ran=500
    chunk 10/25: 1000 seed/config tasks, 286.1s, epochs_ran=500
    chunk 11/25: 1000 seed/config tasks, 286.1s, epochs_ran=500
    chunk 12/25: 1000 seed/config tasks, 286.1s, epochs_ran=500
    chunk 13/25: 1000 seed/config tasks, 286.1s, epochs_ran=500
    chunk 14/25: 1000 seed/config tasks, 286.1s, epochs_ran=500
    chunk 15/25: 1000 seed/config tasks, 286.2s, epochs_ran=500
    chunk 16/25: 1000 seed/config tasks, 286.0s, epochs_ran=500
    chunk 17/25: 1000 seed/config tasks, 286.1s, epochs_ran=500
    chunk 18/25: 1000 seed/config tasks, 286.1s, epochs_ran=500
    chunk 19/25: 1000 seed/config tasks, 286.3s, epochs_ran=500
    chunk 20/25: 1000 seed/config tasks, 286.1s, epochs_ran=500
    chunk 21/25: 1000 seed/config tasks, 286.2s, epochs_ran=500
    chunk 22/25: 1000 seed/config tasks, 286.2s, epochs_ran=500
    chunk 23/25: 1000 seed/config tasks, 286.2s, epochs_ran=500
    chunk 24/25: 1000 seed/config tasks, 286.1s, epochs_ran=500
    chunk 25/25: 1000 seed/config tasks, 286.1s, epochs_ran=500
  wrote 2500 summary rows to jacobi_ab_sweep_massive/Computers/array_9597474_6/20260501-165754/summary.csv
  wrote 25000 detail rows to jacobi_ab_sweep_massive/Computers/array_9597474_6/20260501-165754/summary_details.csv
  K=10
    chunk 1/25: 1000 seed/config tasks, 681.8s, epochs_ran=500
    chunk 2/25: 1000 seed/config tasks, 681.7s, epochs_ran=500
    chunk 3/25: 1000 seed/config tasks, 682.0s, epochs_ran=500
    chunk 4/25: 1000 seed/config tasks, 682.1s, epochs_ran=500
    chunk 5/25: 1000 seed/config tasks, 682.4s, epochs_ran=500
    chunk 6/25: 1000 seed/config tasks, 682.7s, epochs_ran=500
    chunk 7/25: 1000 seed/config tasks, 682.7s, epochs_ran=500
    chunk 8/25: 1000 seed/config tasks, 682.3s, epochs_ran=500
    chunk 9/25: 1000 seed/config tasks, 682.6s, epochs_ran=500
    chunk 10/25: 1000 seed/config tasks, 682.0s, epochs_ran=500
    chunk 11/25: 1000 seed/config tasks, 682.5s, epochs_ran=500
    chunk 12/25: 1000 seed/config tasks, 682.2s, epochs_ran=500
    chunk 13/25: 1000 seed/config tasks, 682.1s, epochs_ran=500
    chunk 14/25: 1000 seed/config tasks, 682.2s, epochs_ran=500
    chunk 15/25: 1000 seed/config tasks, 682.2s, epochs_ran=500
    chunk 16/25: 1000 seed/config tasks, 682.0s, epochs_ran=500
    chunk 17/25: 1000 seed/config tasks, 682.2s, epochs_ran=500
    chunk 18/25: 1000 seed/config tasks, 682.9s, epochs_ran=500
    chunk 19/25: 1000 seed/config tasks, 682.5s, epochs_ran=500
    chunk 20/25: 1000 seed/config tasks, 682.8s, epochs_ran=500
    chunk 21/25: 1000 seed/config tasks, 682.3s, epochs_ran=500
