job_id=9597507
array_job_id=9597474
array_task_id=2
dataset=Photo
host=holygpu8a29306.rc.fas.harvard.edu
out_dir=jacobi_ab_sweep_massive/Photo/array_9597474_2
Fri May  1 16:50:37 EDT 2026
NVIDIA A100-SXM4-80GB, 0, 81920 MiB
device: cuda
grid: 50 x 50 = 2500 configs
K values: [4, 10]
seeds: [0, 1, 2, 3, 4, 5, 6, 7, 8, 9]
max task batch: 1000
output directory: jacobi_ab_sweep_massive/Photo/array_9597474_2/20260501-165129
progress log: jacobi_ab_sweep_massive/Photo/array_9597474_2/20260501-165129/progress.log

=== [1/1] Photo: 7650 nodes, 238162 edges ===
  K=4
    chunk 1/25: 1000 seed/config tasks, 128.5s, epochs_ran=446
    chunk 2/25: 1000 seed/config tasks, 110.1s, epochs_ran=395
    chunk 3/25: 1000 seed/config tasks, 118.2s, epochs_ran=424
    chunk 4/25: 1000 seed/config tasks, 131.6s, epochs_ran=472
    chunk 5/25: 1000 seed/config tasks, 119.6s, epochs_ran=429
    chunk 6/25: 1000 seed/config tasks, 139.4s, epochs_ran=500
    chunk 7/25: 1000 seed/config tasks, 138.8s, epochs_ran=498
    chunk 8/25: 1000 seed/config tasks, 139.4s, epochs_ran=500
    chunk 9/25: 1000 seed/config tasks, 139.4s, epochs_ran=500
    chunk 10/25: 1000 seed/config tasks, 139.4s, epochs_ran=500
    chunk 11/25: 1000 seed/config tasks, 139.3s, epochs_ran=500
    chunk 12/25: 1000 seed/config tasks, 139.4s, epochs_ran=500
    chunk 13/25: 1000 seed/config tasks, 139.4s, epochs_ran=500
    chunk 14/25: 1000 seed/config tasks, 139.3s, epochs_ran=500
    chunk 15/25: 1000 seed/config tasks, 139.3s, epochs_ran=500
    chunk 16/25: 1000 seed/config tasks, 139.3s, epochs_ran=500
    chunk 17/25: 1000 seed/config tasks, 139.3s, epochs_ran=500
    chunk 18/25: 1000 seed/config tasks, 139.3s, epochs_ran=500
    chunk 19/25: 1000 seed/config tasks, 139.3s, epochs_ran=500
    chunk 20/25: 1000 seed/config tasks, 139.3s, epochs_ran=500
    chunk 21/25: 1000 seed/config tasks, 139.3s, epochs_ran=500
    chunk 22/25: 1000 seed/config tasks, 139.3s, epochs_ran=500
    chunk 23/25: 1000 seed/config tasks, 139.3s, epochs_ran=500
    chunk 24/25: 1000 seed/config tasks, 139.3s, epochs_ran=500
    chunk 25/25: 1000 seed/config tasks, 139.4s, epochs_ran=500
  wrote 2500 summary rows to jacobi_ab_sweep_massive/Photo/array_9597474_2/20260501-165129/summary.csv
  wrote 25000 detail rows to jacobi_ab_sweep_massive/Photo/array_9597474_2/20260501-165129/summary_details.csv
  K=10
    chunk 1/25: 1000 seed/config tasks, 272.7s, epochs_ran=409
    chunk 2/25: 1000 seed/config tasks, 333.3s, epochs_ran=500
    chunk 3/25: 1000 seed/config tasks, 287.4s, epochs_ran=431
    chunk 4/25: 1000 seed/config tasks, 291.4s, epochs_ran=437
    chunk 5/25: 1000 seed/config tasks, 318.0s, epochs_ran=477
    chunk 6/25: 1000 seed/config tasks, 333.4s, epochs_ran=500
    chunk 7/25: 1000 seed/config tasks, 333.3s, epochs_ran=500
    chunk 8/25: 1000 seed/config tasks, 333.3s, epochs_ran=500
    chunk 9/25: 1000 seed/config tasks, 333.3s, epochs_ran=500
    chunk 10/25: 1000 seed/config tasks, 333.4s, epochs_ran=500
    chunk 11/25: 1000 seed/config tasks, 333.4s, epochs_ran=500
    chunk 12/25: 1000 seed/config tasks, 333.4s, epochs_ran=500
    chunk 13/25: 1000 seed/config tasks, 333.4s, epochs_ran=500
    chunk 14/25: 1000 seed/config tasks, 333.4s, epochs_ran=500
    chunk 15/25: 1000 seed/config tasks, 333.3s, epochs_ran=500
    chunk 16/25: 1000 seed/config tasks, 333.4s, epochs_ran=500
    chunk 17/25: 1000 seed/config tasks, 333.4s, epochs_ran=500
    chunk 18/25: 1000 seed/config tasks, 333.3s, epochs_ran=500
    chunk 19/25: 1000 seed/config tasks, 333.4s, epochs_ran=500
    chunk 20/25: 1000 seed/config tasks, 333.4s, epochs_ran=500
    chunk 21/25: 1000 seed/config tasks, 333.4s, epochs_ran=500
    chunk 22/25: 1000 seed/config tasks, 333.4s, epochs_ran=500
    chunk 23/25: 1000 seed/config tasks, 333.4s, epochs_ran=500
    chunk 24/25: 1000 seed/config tasks, 333.4s, epochs_ran=500
    chunk 25/25: 1000 seed/config tasks, 333.4s, epochs_ran=500
  wrote 5000 summary rows to jacobi_ab_sweep_massive/Photo/array_9597474_2/20260501-165129/summary.csv
  wrote 50000 detail rows to jacobi_ab_sweep_massive/Photo/array_9597474_2/20260501-165129/summary_details.csv
