job_id=9597663
array_job_id=9597474
array_task_id=4
dataset=Chameleon
host=holygpu8a16204.rc.fas.harvard.edu
out_dir=jacobi_ab_sweep_massive/Chameleon/array_9597474_4
Fri May  1 16:53:38 EDT 2026
NVIDIA H200, 0, 143771 MiB
device: cuda
grid: 50 x 50 = 2500 configs
K values: [4, 10]
seeds: [0, 1, 2, 3, 4, 5, 6, 7, 8, 9]
max task batch: 1000
output directory: jacobi_ab_sweep_massive/Chameleon/array_9597474_4/20260501-165428
progress log: jacobi_ab_sweep_massive/Chameleon/array_9597474_4/20260501-165428/progress.log

=== [1/1] Chameleon: 890 nodes, 8854 edges ===
  K=4
    chunk 1/25: 1000 seed/config tasks, 9.5s, epochs_ran=288
    chunk 2/25: 1000 seed/config tasks, 5.0s, epochs_ran=262
    chunk 3/25: 1000 seed/config tasks, 4.9s, epochs_ran=255
    chunk 4/25: 1000 seed/config tasks, 5.3s, epochs_ran=309
    chunk 5/25: 1000 seed/config tasks, 5.4s, epochs_ran=338
    chunk 6/25: 1000 seed/config tasks, 5.6s, epochs_ran=316
    chunk 7/25: 1000 seed/config tasks, 5.7s, epochs_ran=334
    chunk 8/25: 1000 seed/config tasks, 5.7s, epochs_ran=346
    chunk 9/25: 1000 seed/config tasks, 5.8s, epochs_ran=381
    chunk 10/25: 1000 seed/config tasks, 5.1s, epochs_ran=310
    chunk 11/25: 1000 seed/config tasks, 5.2s, epochs_ran=323
    chunk 12/25: 1000 seed/config tasks, 5.1s, epochs_ran=300
    chunk 13/25: 1000 seed/config tasks, 4.8s, epochs_ran=277
    chunk 14/25: 1000 seed/config tasks, 4.9s, epochs_ran=296
    chunk 15/25: 1000 seed/config tasks, 5.2s, epochs_ran=326
    chunk 16/25: 1000 seed/config tasks, 5.3s, epochs_ran=322
    chunk 17/25: 1000 seed/config tasks, 5.5s, epochs_ran=310
    chunk 18/25: 1000 seed/config tasks, 5.5s, epochs_ran=325
    chunk 19/25: 1000 seed/config tasks, 5.8s, epochs_ran=347
    chunk 20/25: 1000 seed/config tasks, 5.4s, epochs_ran=342
    chunk 21/25: 1000 seed/config tasks, 5.7s, epochs_ran=357
    chunk 22/25: 1000 seed/config tasks, 5.6s, epochs_ran=370
    chunk 23/25: 1000 seed/config tasks, 5.3s, epochs_ran=324
    chunk 24/25: 1000 seed/config tasks, 5.3s, epochs_ran=339
    chunk 25/25: 1000 seed/config tasks, 5.1s, epochs_ran=304
  wrote 2500 summary rows to jacobi_ab_sweep_massive/Chameleon/array_9597474_4/20260501-165428/summary.csv
  wrote 25000 detail rows to jacobi_ab_sweep_massive/Chameleon/array_9597474_4/20260501-165428/summary_details.csv
  K=10
    chunk 1/25: 1000 seed/config tasks, 8.5s, epochs_ran=329
    chunk 2/25: 1000 seed/config tasks, 8.4s, epochs_ran=338
    chunk 3/25: 1000 seed/config tasks, 8.5s, epochs_ran=334
    chunk 4/25: 1000 seed/config tasks, 9.1s, epochs_ran=380
    chunk 5/25: 1000 seed/config tasks, 9.7s, epochs_ran=406
    chunk 6/25: 1000 seed/config tasks, 8.3s, epochs_ran=327
    chunk 7/25: 1000 seed/config tasks, 8.5s, epochs_ran=349
    chunk 8/25: 1000 seed/config tasks, 7.7s, epochs_ran=306
    chunk 9/25: 1000 seed/config tasks, 8.8s, epochs_ran=349
    chunk 10/25: 1000 seed/config tasks, 9.7s, epochs_ran=422
    chunk 11/25: 1000 seed/config tasks, 8.9s, epochs_ran=367
    chunk 12/25: 1000 seed/config tasks, 8.5s, epochs_ran=339
    chunk 13/25: 1000 seed/config tasks, 8.1s, epochs_ran=312
    chunk 14/25: 1000 seed/config tasks, 8.8s, epochs_ran=345
    chunk 15/25: 1000 seed/config tasks, 9.2s, epochs_ran=384
    chunk 16/25: 1000 seed/config tasks, 8.4s, epochs_ran=341
    chunk 17/25: 1000 seed/config tasks, 8.8s, epochs_ran=354
    chunk 18/25: 1000 seed/config tasks, 8.2s, epochs_ran=328
    chunk 19/25: 1000 seed/config tasks, 9.7s, epochs_ran=420
    chunk 20/25: 1000 seed/config tasks, 9.0s, epochs_ran=376
    chunk 21/25: 1000 seed/config tasks, 8.5s, epochs_ran=341
    chunk 22/25: 1000 seed/config tasks, 9.3s, epochs_ran=380
    chunk 23/25: 1000 seed/config tasks, 9.0s, epochs_ran=344
    chunk 24/25: 1000 seed/config tasks, 9.0s, epochs_ran=360
    chunk 25/25: 1000 seed/config tasks, 8.6s, epochs_ran=354
  wrote 5000 summary rows to jacobi_ab_sweep_massive/Chameleon/array_9597474_4/20260501-165428/summary.csv
  wrote 50000 detail rows to jacobi_ab_sweep_massive/Chameleon/array_9597474_4/20260501-165428/summary_details.csv
