job_id=9598293
array_job_id=9597474
array_task_id=8
dataset=Physics
host=holygpu8a27502.rc.fas.harvard.edu
out_dir=jacobi_ab_sweep_massive/Physics/array_9597474_8
Fri May  1 17:00:40 EDT 2026
NVIDIA A100-SXM4-80GB, 0, 81920 MiB
device: cuda
grid: 50 x 50 = 2500 configs
K values: [4, 10]
seeds: [0, 1, 2, 3, 4, 5, 6, 7, 8, 9]
max task batch: 1000
output directory: jacobi_ab_sweep_massive/Physics/array_9597474_8/20260501-170103
progress log: jacobi_ab_sweep_massive/Physics/array_9597474_8/20260501-170103/progress.log

=== [1/1] Physics: 34493 nodes, 495924 edges ===
  K=4
    chunk 1/25: 1000 seed/config tasks, 459.5s, epochs_ran=500
    chunk 2/25: 1000 seed/config tasks, 459.1s, epochs_ran=500
    chunk 3/25: 1000 seed/config tasks, 459.1s, epochs_ran=500
    chunk 4/25: 1000 seed/config tasks, 459.1s, epochs_ran=500
    chunk 5/25: 1000 seed/config tasks, 459.2s, epochs_ran=500
    chunk 6/25: 1000 seed/config tasks, 459.4s, epochs_ran=500
    chunk 7/25: 1000 seed/config tasks, 459.1s, epochs_ran=500
    chunk 8/25: 1000 seed/config tasks, 459.6s, epochs_ran=500
    chunk 9/25: 1000 seed/config tasks, 459.2s, epochs_ran=500
    chunk 10/25: 1000 seed/config tasks, 459.1s, epochs_ran=500
    chunk 11/25: 1000 seed/config tasks, 459.1s, epochs_ran=500
    chunk 12/25: 1000 seed/config tasks, 459.0s, epochs_ran=500
    chunk 13/25: 1000 seed/config tasks, 459.1s, epochs_ran=500
    chunk 14/25: 1000 seed/config tasks, 459.1s, epochs_ran=500
    chunk 15/25: 1000 seed/config tasks, 459.2s, epochs_ran=500
    chunk 16/25: 1000 seed/config tasks, 459.1s, epochs_ran=500
    chunk 17/25: 1000 seed/config tasks, 459.2s, epochs_ran=500
    chunk 18/25: 1000 seed/config tasks, 416.9s, epochs_ran=454
    chunk 19/25: 1000 seed/config tasks, 438.2s, epochs_ran=477
    chunk 20/25: 1000 seed/config tasks, 425.4s, epochs_ran=463
    chunk 21/25: 1000 seed/config tasks, 459.3s, epochs_ran=500
    chunk 22/25: 1000 seed/config tasks, 428.1s, epochs_ran=466
    chunk 23/25: 1000 seed/config tasks, 424.4s, epochs_ran=462
    chunk 24/25: 1000 seed/config tasks, 379.4s, epochs_ran=413
    chunk 25/25: 1000 seed/config tasks, 412.2s, epochs_ran=449
  wrote 2500 summary rows to jacobi_ab_sweep_massive/Physics/array_9597474_8/20260501-170103/summary.csv
  wrote 25000 detail rows to jacobi_ab_sweep_massive/Physics/array_9597474_8/20260501-170103/summary_details.csv
  K=10
    chunk 1/25: 1000 seed/config tasks, 783.0s, epochs_ran=500
    chunk 2/25: 1000 seed/config tasks, 783.0s, epochs_ran=500
    chunk 3/25: 1000 seed/config tasks, 782.9s, epochs_ran=500
    chunk 4/25: 1000 seed/config tasks, 782.9s, epochs_ran=500
    chunk 5/25: 1000 seed/config tasks, 782.9s, epochs_ran=500
    chunk 6/25: 1000 seed/config tasks, 782.9s, epochs_ran=500
    chunk 7/25: 1000 seed/config tasks, 782.9s, epochs_ran=500
    chunk 8/25: 1000 seed/config tasks, 782.9s, epochs_ran=500
    chunk 9/25: 1000 seed/config tasks, 782.8s, epochs_ran=500
    chunk 10/25: 1000 seed/config tasks, 782.7s, epochs_ran=500
    chunk 11/25: 1000 seed/config tasks, 782.7s, epochs_ran=500
    chunk 12/25: 1000 seed/config tasks, 783.1s, epochs_ran=500
    chunk 13/25: 1000 seed/config tasks, 782.8s, epochs_ran=500
